TN:
SF:src/app.js
FN:19,(anonymous_0)
FN:21,(anonymous_1)
FN:37,(anonymous_2)
FN:39,(anonymous_3)
FN:54,(anonymous_4)
FN:59,(anonymous_5)
FNF:6
FNH:3
FNDA:1,(anonymous_0)
FNDA:0,(anonymous_1)
FNDA:8,(anonymous_2)
FNDA:8,(anonymous_3)
FNDA:0,(anonymous_4)
FNDA:0,(anonymous_5)
DA:1,1
DA:2,1
DA:3,1
DA:4,1
DA:5,1
DA:7,1
DA:8,1
DA:9,1
DA:12,1
DA:13,1
DA:16,1
DA:20,1
DA:22,0
DA:25,1
DA:26,1
DA:28,1
DA:35,1
DA:37,1
DA:38,8
DA:39,8
DA:41,8
DA:44,8
DA:51,8
DA:54,1
DA:55,0
DA:56,0
DA:59,1
DA:60,0
DA:66,1
DA:68,1
LF:30
LH:26
BRDA:12,0,0,1
BRDA:12,0,1,0
BRDA:13,1,0,1
BRDA:13,1,1,0
BRDA:41,2,0,8
BRDA:41,2,1,0
BRF:6
BRH:3
end_of_record
TN:
SF:src/server.js
FN:4,(anonymous_0)
FNF:1
FNH:0
FNDA:0,(anonymous_0)
DA:1,0
DA:2,0
DA:4,0
DA:5,0
LF:4
LH:0
BRDA:2,0,0,0
BRDA:2,0,1,0
BRF:2
BRH:0
end_of_record
TN:
SF:src/models/Subscription.js
FNF:0
FNH:0
DA:1,1
DA:3,1
DA:24,1
LF:3
LH:3
BRF:0
BRH:0
end_of_record
TN:
SF:src/routes/subscriptionRoutes.js
FN:6,(anonymous_0)
FN:17,(anonymous_1)
FN:27,(anonymous_2)
FN:40,(anonymous_3)
FN:57,(anonymous_4)
FNF:5
FNH:5
FNDA:1,(anonymous_0)
FNDA:1,(anonymous_1)
FNDA:2,(anonymous_2)
FNDA:2,(anonymous_3)
FNDA:2,(anonymous_4)
DA:1,1
DA:2,1
DA:3,1
DA:6,1
DA:7,1
DA:8,1
DA:9,1
DA:10,1
DA:12,0
DA:17,1
DA:18,1
DA:19,1
DA:20,1
DA:22,0
DA:27,1
DA:28,2
DA:29,2
DA:30,2
DA:31,1
DA:33,1
DA:35,0
DA:40,1
DA:41,2
DA:42,2
DA:47,2
DA:48,1
DA:50,1
DA:52,0
DA:57,1
DA:58,2
DA:59,2
DA:60,2
DA:61,1
DA:63,1
DA:65,0
DA:70,1
LF:36
LH:31
BRDA:30,0,0,1
BRDA:30,0,1,1
BRDA:47,1,0,1
BRDA:47,1,1,1
BRDA:60,2,0,1
BRDA:60,2,1,1
BRF:6
BRH:6
end_of_record
