TN:
SF:src\App.jsx
FN:11,App
FN:32,fetchSubscriptions
FN:42,validateForm
FN:54,handleInputChange
FN:69,handleCreateOrUpdate
FN:111,handleEditClick
FN:121,handleDeleteClick
FN:145,onChange
FN:159,onChange
FN:171,onChange
FN:183,onChange
FN:205,onClick
FN:206,onClick
FNF:13
FNH:13
FNDA:19,App
FNDA:4,fetchSubscriptions
FNDA:2,validateForm
FNDA:6,handleInputChange
FNDA:2,handleCreateOrUpdate
FNDA:1,handleEditClick
FNDA:1,handleDeleteClick
FNDA:2,onChange
FNDA:2,onChange
FNDA:1,onChange
FNDA:1,onChange
FNDA:1,onClick
FNDA:1,onClick
DA:2,1
DA:3,1
DA:9,1
DA:11,19
DA:12,19
DA:15,19
DA:16,19
DA:17,19
DA:18,19
DA:21,19
DA:24,19
DA:27,19
DA:28,4
DA:29,19
DA:32,19
DA:33,4
DA:34,4
DA:35,4
DA:36,4
DA:37,0
DA:38,0
DA:39,4
DA:42,19
DA:43,2
DA:45,2
DA:46,2
DA:47,2
DA:49,2
DA:50,2
DA:51,2
DA:54,19
DA:56,6
DA:57,6
DA:58,6
DA:59,6
DA:62,6
DA:63,6
DA:64,6
DA:65,6
DA:66,6
DA:69,19
DA:70,2
DA:72,2
DA:74,2
DA:75,2
DA:76,1
DA:77,1
DA:78,1
DA:79,1
DA:80,1
DA:81,1
DA:83,1
DA:84,1
DA:85,1
DA:87,1
DA:88,1
DA:89,1
DA:90,1
DA:91,1
DA:92,1
DA:93,1
DA:94,1
DA:96,1
DA:97,1
DA:100,2
DA:101,2
DA:102,2
DA:103,2
DA:104,2
DA:105,2
DA:106,0
DA:107,0
DA:108,2
DA:111,19
DA:112,1
DA:113,1
DA:114,1
DA:115,1
DA:116,1
DA:117,1
DA:118,1
DA:121,19
DA:122,1
DA:123,1
DA:124,1
DA:125,1
DA:126,0
DA:127,0
DA:128,1
DA:130,19
DA:131,19
DA:132,19
DA:134,19
DA:137,19
DA:138,19
DA:139,19
DA:140,19
DA:141,19
DA:142,19
DA:143,19
DA:144,19
DA:145,19
DA:146,19
DA:147,19
DA:148,19
DA:149,19
DA:151,19
DA:152,19
DA:153,19
DA:154,19
DA:155,19
DA:156,19
DA:157,19
DA:158,19
DA:159,19
DA:160,19
DA:161,19
DA:162,19
DA:163,19
DA:165,19
DA:166,19
DA:167,19
DA:168,19
DA:169,19
DA:170,19
DA:171,19
DA:172,19
DA:173,19
DA:174,19
DA:175,19
DA:177,19
DA:178,19
DA:179,19
DA:180,19
DA:181,19
DA:182,19
DA:183,19
DA:184,19
DA:185,19
DA:187,19
DA:188,19
DA:189,19
DA:190,19
DA:193,19
DA:195,19
DA:196,19
DA:197,11
DA:198,13
DA:199,13
DA:200,13
DA:201,13
DA:202,13
DA:203,13
DA:204,13
DA:205,13
DA:206,13
DA:207,13
DA:208,13
DA:209,11
DA:211,8
DA:213,8
DA:215,19
DA:216,19
DA:218,19
DA:220,1
LF:165
LH:159
BRDA:11,0,0,19
BRDA:146,1,0,0
BRDA:148,2,0,0
BRDA:160,3,0,0
BRDA:162,4,0,0
BRDA:172,5,0,0
BRDA:174,6,0,0
BRDA:188,7,0,5
BRDA:188,8,0,14
BRDA:196,9,0,11
BRDA:209,10,0,8
BRDA:27,11,0,4
BRDA:32,12,0,4
BRDA:36,13,0,0
BRDA:42,14,0,2
BRDA:45,15,0,0
BRDA:46,16,0,0
BRDA:47,17,0,0
BRDA:54,18,0,6
BRDA:56,19,0,2
BRDA:57,20,0,2
BRDA:58,21,0,1
BRDA:59,22,0,1
BRDA:62,23,0,6
BRDA:64,24,0,0
BRDA:69,25,0,2
BRDA:72,26,0,0
BRDA:75,27,0,1
BRDA:105,28,0,0
BRDA:84,29,0,1
BRDA:84,30,0,0
BRDA:111,31,0,1
BRDA:113,32,0,0
BRDA:114,33,0,0
BRDA:115,34,0,0
BRDA:116,35,0,0
BRDA:121,36,0,1
BRDA:125,37,0,0
BRDA:124,38,0,2
BRDA:145,39,0,2
BRDA:159,40,0,2
BRDA:171,41,0,1
BRDA:183,42,0,1
BRDA:197,43,0,13
BRDA:202,44,0,1
BRDA:202,45,0,12
BRDA:205,46,0,1
BRDA:206,47,0,1
BRF:48
BRH:29
end_of_record
TN:
SF:src\main.jsx
FN:1,(empty-report)
FNF:1
FNH:0
FNDA:0,(empty-report)
DA:1,0
DA:2,0
DA:3,0
DA:4,0
DA:5,0
DA:6,0
DA:7,0
DA:8,0
DA:9,0
DA:10,0
DA:11,0
DA:12,0
LF:12
LH:0
BRDA:1,0,0,0
BRF:1
BRH:0
end_of_record
TN:
SF:src\services\subscriptionService.js
FN:6,getAllSubscriptions
FN:15,createSubscription
FN:28,updateSubscription
FN:42,deleteSubscription
FNF:4
FNH:4
FNDA:2,getAllSubscriptions
FNDA:2,createSubscription
FNDA:2,updateSubscription
FNDA:2,deleteSubscription
DA:1,1
DA:2,1
DA:3,1
DA:4,1
DA:5,1
DA:6,1
DA:7,2
DA:8,2
DA:9,1
DA:10,1
DA:11,1
DA:12,1
DA:13,1
DA:14,1
DA:15,1
DA:16,2
DA:17,2
DA:18,2
DA:19,2
DA:20,2
DA:21,2
DA:22,1
DA:23,1
DA:24,1
DA:25,1
DA:26,1
DA:27,1
DA:28,1
DA:29,2
DA:30,2
DA:31,2
DA:32,2
DA:33,2
DA:34,2
DA:35,2
DA:36,1
DA:37,1
DA:38,1
DA:39,1
DA:40,1
DA:41,1
DA:42,1
DA:43,2
DA:44,2
DA:45,2
DA:46,2
DA:47,2
DA:48,1
DA:49,1
DA:50,1
DA:51,1
LF:51
LH:51
BRDA:3,0,0,0
BRDA:6,1,0,2
BRDA:8,2,0,1
BRDA:15,3,0,2
BRDA:21,4,0,1
BRDA:28,5,0,2
BRDA:35,6,0,1
BRDA:42,7,0,2
BRDA:47,8,0,1
BRF:9
BRH:8
end_of_record
